빌드 시작: 2014-05-21 오전 10:47:10
     1>2 노드의 "D:\[과 제]\[2013] KIST smartbooklet\소스코드\[KIST]openframeworks\of_v0.7.4_vs2010_release\apps\GoodFeature\Good-Feature-Experiments\Transformed Images Generator\Transformed Images Generator.vcxproj" 프로젝트(build 대상)입니다.
     1>InitializeBuildStatus:
         "AlwaysCreate"이(가) 지정되었기 때문에 "Debug\Transformed Images Generator.unsuccessfulbuild"을(를) 만들고 있습니다.
       ClCompile:
         f:\Program files\Visual Studio 2010\VC\bin\CL.exe /c /IC:\OpenCV\build\include /ZI /nologo /W3 /WX- /Od /Oy- /D _MBCS /Gm /EHsc /RTC1 /MDd /GS /fp:precise /Zc:wchar_t /Zc:forScope /Fo"Debug\\" /Fd"Debug\vc100.pdb" /Gd /TP /analyze- /errorReport:prompt main.cpp
         main.cpp
     1>d:\[과 제]\[2013] kist smartbooklet\소스코드\[kist]openframeworks\of_v0.7.4_vs2010_release\apps\goodfeature\good-feature-experiments\transformed images generator\main.cpp(31): warning C4244: '초기화 중' : 'double'에서 'float'(으)로 변환하면서 데이터가 손실될 수 있습니다.
     1>d:\[과 제]\[2013] kist smartbooklet\소스코드\[kist]openframeworks\of_v0.7.4_vs2010_release\apps\goodfeature\good-feature-experiments\transformed images generator\main.cpp(32): warning C4244: '초기화 중' : 'double'에서 'float'(으)로 변환하면서 데이터가 손실될 수 있습니다.
     1>d:\[과 제]\[2013] kist smartbooklet\소스코드\[kist]openframeworks\of_v0.7.4_vs2010_release\apps\goodfeature\good-feature-experiments\transformed images generator\main.cpp(53): warning C4244: '초기화 중' : 'double'에서 'int'(으)로 변환하면서 데이터가 손실될 수 있습니다.
     1>d:\[과 제]\[2013] kist smartbooklet\소스코드\[kist]openframeworks\of_v0.7.4_vs2010_release\apps\goodfeature\good-feature-experiments\transformed images generator\main.cpp(54): warning C4244: '초기화 중' : 'double'에서 'int'(으)로 변환하면서 데이터가 손실될 수 있습니다.
     1>d:\[과 제]\[2013] kist smartbooklet\소스코드\[kist]openframeworks\of_v0.7.4_vs2010_release\apps\goodfeature\good-feature-experiments\transformed images generator\main.cpp(58): warning C4244: '초기화 중' : 'double'에서 'float'(으)로 변환하면서 데이터가 손실될 수 있습니다.
     1>d:\[과 제]\[2013] kist smartbooklet\소스코드\[kist]openframeworks\of_v0.7.4_vs2010_release\apps\goodfeature\good-feature-experiments\transformed images generator\main.cpp(60): warning C4244: '인수' : 'float'에서 'int'(으)로 변환하면서 데이터가 손실될 수 있습니다.
     1>d:\[과 제]\[2013] kist smartbooklet\소스코드\[kist]openframeworks\of_v0.7.4_vs2010_release\apps\goodfeature\good-feature-experiments\transformed images generator\main.cpp(60): warning C4244: '인수' : 'float'에서 'int'(으)로 변환하면서 데이터가 손실될 수 있습니다.
     1>d:\[과 제]\[2013] kist smartbooklet\소스코드\[kist]openframeworks\of_v0.7.4_vs2010_release\apps\goodfeature\good-feature-experiments\transformed images generator\main.cpp(64): warning C4244: '=' : 'double'에서 'int'(으)로 변환하면서 데이터가 손실될 수 있습니다.
     1>d:\[과 제]\[2013] kist smartbooklet\소스코드\[kist]openframeworks\of_v0.7.4_vs2010_release\apps\goodfeature\good-feature-experiments\transformed images generator\main.cpp(65): warning C4244: '=' : 'double'에서 'int'(으)로 변환하면서 데이터가 손실될 수 있습니다.
     1>d:\[과 제]\[2013] kist smartbooklet\소스코드\[kist]openframeworks\of_v0.7.4_vs2010_release\apps\goodfeature\good-feature-experiments\transformed images generator\main.cpp(69): warning C4244: '인수' : 'double'에서 'int'(으)로 변환하면서 데이터가 손실될 수 있습니다.
     1>d:\[과 제]\[2013] kist smartbooklet\소스코드\[kist]openframeworks\of_v0.7.4_vs2010_release\apps\goodfeature\good-feature-experiments\transformed images generator\main.cpp(69): warning C4244: '인수' : 'double'에서 'int'(으)로 변환하면서 데이터가 손실될 수 있습니다.
     1>d:\[과 제]\[2013] kist smartbooklet\소스코드\[kist]openframeworks\of_v0.7.4_vs2010_release\apps\goodfeature\good-feature-experiments\transformed images generator\main.cpp(75): warning C4244: '인수' : 'int'에서 'float'(으)로 변환하면서 데이터가 손실될 수 있습니다.
     1>d:\[과 제]\[2013] kist smartbooklet\소스코드\[kist]openframeworks\of_v0.7.4_vs2010_release\apps\goodfeature\good-feature-experiments\transformed images generator\main.cpp(75): warning C4244: '인수' : 'int'에서 'float'(으)로 변환하면서 데이터가 손실될 수 있습니다.
     1>d:\[과 제]\[2013] kist smartbooklet\소스코드\[kist]openframeworks\of_v0.7.4_vs2010_release\apps\goodfeature\good-feature-experiments\transformed images generator\main.cpp(75): warning C4244: '인수' : 'int'에서 'float'(으)로 변환하면서 데이터가 손실될 수 있습니다.
     1>d:\[과 제]\[2013] kist smartbooklet\소스코드\[kist]openframeworks\of_v0.7.4_vs2010_release\apps\goodfeature\good-feature-experiments\transformed images generator\main.cpp(99): warning C4996: 'sprintf': This function or variable may be unsafe. Consider using sprintf_s instead. To disable deprecation, use _CRT_SECURE_NO_WARNINGS. See online help for details.
                 f:\program files\visual studio 2010\vc\include\stdio.h(371) : 'sprintf' 선언을 참조하십시오.
     1>d:\[과 제]\[2013] kist smartbooklet\소스코드\[kist]openframeworks\of_v0.7.4_vs2010_release\apps\goodfeature\good-feature-experiments\transformed images generator\main.cpp(101): warning C4996: 'sprintf': This function or variable may be unsafe. Consider using sprintf_s instead. To disable deprecation, use _CRT_SECURE_NO_WARNINGS. See online help for details.
                 f:\program files\visual studio 2010\vc\include\stdio.h(371) : 'sprintf' 선언을 참조하십시오.
     1>d:\[과 제]\[2013] kist smartbooklet\소스코드\[kist]openframeworks\of_v0.7.4_vs2010_release\apps\goodfeature\good-feature-experiments\transformed images generator\main.cpp(131): warning C4996: 'sprintf': This function or variable may be unsafe. Consider using sprintf_s instead. To disable deprecation, use _CRT_SECURE_NO_WARNINGS. See online help for details.
                 f:\program files\visual studio 2010\vc\include\stdio.h(371) : 'sprintf' 선언을 참조하십시오.
     1>d:\[과 제]\[2013] kist smartbooklet\소스코드\[kist]openframeworks\of_v0.7.4_vs2010_release\apps\goodfeature\good-feature-experiments\transformed images generator\main.cpp(136): warning C4305: '+=' : 'double'에서 'float'(으)로 잘립니다.
     1>d:\[과 제]\[2013] kist smartbooklet\소스코드\[kist]openframeworks\of_v0.7.4_vs2010_release\apps\goodfeature\good-feature-experiments\transformed images generator\main.cpp(142): warning C4996: 'sprintf': This function or variable may be unsafe. Consider using sprintf_s instead. To disable deprecation, use _CRT_SECURE_NO_WARNINGS. See online help for details.
                 f:\program files\visual studio 2010\vc\include\stdio.h(371) : 'sprintf' 선언을 참조하십시오.
     1>d:\[과 제]\[2013] kist smartbooklet\소스코드\[kist]openframeworks\of_v0.7.4_vs2010_release\apps\goodfeature\good-feature-experiments\transformed images generator\main.cpp(154): warning C4996: 'sprintf': This function or variable may be unsafe. Consider using sprintf_s instead. To disable deprecation, use _CRT_SECURE_NO_WARNINGS. See online help for details.
                 f:\program files\visual studio 2010\vc\include\stdio.h(371) : 'sprintf' 선언을 참조하십시오.
       Link:
         f:\Program files\Visual Studio 2010\VC\bin\link.exe /ERRORREPORT:PROMPT /OUT:"D:\[과 제]\[2013] KIST smartbooklet\소스코드\[KIST]openframeworks\of_v0.7.4_vs2010_release\apps\GoodFeature\Good-Feature-Experiments\Debug\Transformed Images Generator.exe" /NOLOGO /LIBPATH:C:\OpenCV\build\x86\vc10\lib kernel32.lib user32.lib gdi32.lib winspool.lib comdlg32.lib advapi32.lib shell32.lib ole32.lib oleaut32.lib uuid.lib odbc32.lib odbccp32.lib /MANIFEST /ManifestFile:"Debug\Transformed Images Generator.exe.intermediate.manifest" /MANIFESTUAC:"level='asInvoker' uiAccess='false'" /DEBUG /PDB:"D:\[과 제]\[2013] KIST smartbooklet\소스코드\[KIST]openframeworks\of_v0.7.4_vs2010_release\apps\GoodFeature\Good-Feature-Experiments\Debug\Transformed Images Generator.pdb" /TLBID:1 /DYNAMICBASE /NXCOMPAT /IMPLIB:"D:\[과 제]\[2013] KIST smartbooklet\소스코드\[KIST]openframeworks\of_v0.7.4_vs2010_release\apps\GoodFeature\Good-Feature-Experiments\Debug\Transformed Images Generator.lib" /MACHINE:X86 Debug\agast5_8.obj
         Debug\agast5_8_nms.obj
         Debug\agast7_12d.obj
         Debug\agast7_12d_nms.obj
         Debug\agast7_12s.obj
         Debug\agast7_12s_nms.obj
         Debug\AstDetector.obj
         Debug\nonMaximumSuppression.obj
         Debug\oast9_16.obj
         Debug\oast9_16_nms.obj
         Debug\brisk.obj
         Debug\main.obj
         LINK : D:\[과 제]\[2013] KIST smartbooklet\소스코드\[KIST]openframeworks\of_v0.7.4_vs2010_release\apps\GoodFeature\Good-Feature-Experiments\Debug\Transformed Images Generator.exe을(를) 찾을 수 없거나 마지막 증분 링크에 의해 빌드되지 않았습니다. 전체 링크를 수행하고 있습니다.
         Transformed Images Generator.vcxproj -> D:\[과 제]\[2013] KIST smartbooklet\소스코드\[KIST]openframeworks\of_v0.7.4_vs2010_release\apps\GoodFeature\Good-Feature-Experiments\Debug\Transformed Images Generator.exe
       Manifest:
         c:\Program Files (x86)\Microsoft SDKs\Windows\v7.0A\bin\mt.exe /nologo /verbose /outputresource:"D:\[과 제]\[2013] KIST smartbooklet\소스코드\[KIST]openframeworks\of_v0.7.4_vs2010_release\apps\GoodFeature\Good-Feature-Experiments\Debug\Transformed Images Generator.exe;#1" /manifest "Debug\Transformed Images Generator.exe.intermediate.manifest"
       FinalizeBuildStatus:
         "Debug\Transformed Images Generator.unsuccessfulbuild" 파일을 삭제하고 있습니다.
         "Debug\Transformed Images Generator.lastbuildstate"에 연결(touching)하고 있습니다.
     1>"D:\[과 제]\[2013] KIST smartbooklet\소스코드\[KIST]openframeworks\of_v0.7.4_vs2010_release\apps\GoodFeature\Good-Feature-Experiments\Transformed Images Generator\Transformed Images Generator.vcxproj" 프로젝트를 빌드했습니다(build 대상).

빌드했습니다.

경과 시간: 00:00:01.47
