D:\과제\[2013] KIST SMARTBOOKLET\소스코드\[KIST]OPENFRAMEWORKS\OF_V0.7.4_VS2010_RELEASE\APPS\GOODFEATURE2\GOOD-FEATURE-EXPERIMENTS\TRUNK\DEBUG\TRANSFORMED IMAGES GENERATOR.EXE
D:\과제\[2013] KIST SMARTBOOKLET\소스코드\[KIST]OPENFRAMEWORKS\OF_V0.7.4_VS2010_RELEASE\APPS\GOODFEATURE2\GOOD-FEATURE-EXPERIMENTS\TRUNK\DEBUG\TRANSFORMED IMAGES GENERATOR.ILK
D:\과제\[2013] KIST SMARTBOOKLET\소스코드\[KIST]OPENFRAMEWORKS\OF_V0.7.4_VS2010_RELEASE\APPS\GOODFEATURE2\GOOD-FEATURE-EXPERIMENTS\TRUNK\DEBUG\TRANSFORMED IMAGES GENERATOR.PDB
D:\과제\[2013] KIST SMARTBOOKLET\소스코드\[KIST]OPENFRAMEWORKS\OF_V0.7.4_VS2010_RELEASE\APPS\GOODFEATURE2\GOOD-FEATURE-EXPERIMENTS\TRUNK\TRANSFORMED IMAGES GENERATOR\DEBUG\AGAST5_8.OBJ
D:\과제\[2013] KIST SMARTBOOKLET\소스코드\[KIST]OPENFRAMEWORKS\OF_V0.7.4_VS2010_RELEASE\APPS\GOODFEATURE2\GOOD-FEATURE-EXPERIMENTS\TRUNK\TRANSFORMED IMAGES GENERATOR\DEBUG\AGAST5_8_NMS.OBJ
D:\과제\[2013] KIST SMARTBOOKLET\소스코드\[KIST]OPENFRAMEWORKS\OF_V0.7.4_VS2010_RELEASE\APPS\GOODFEATURE2\GOOD-FEATURE-EXPERIMENTS\TRUNK\TRANSFORMED IMAGES GENERATOR\DEBUG\AGAST7_12D.OBJ
D:\과제\[2013] KIST SMARTBOOKLET\소스코드\[KIST]OPENFRAMEWORKS\OF_V0.7.4_VS2010_RELEASE\APPS\GOODFEATURE2\GOOD-FEATURE-EXPERIMENTS\TRUNK\TRANSFORMED IMAGES GENERATOR\DEBUG\AGAST7_12D_NMS.OBJ
D:\과제\[2013] KIST SMARTBOOKLET\소스코드\[KIST]OPENFRAMEWORKS\OF_V0.7.4_VS2010_RELEASE\APPS\GOODFEATURE2\GOOD-FEATURE-EXPERIMENTS\TRUNK\TRANSFORMED IMAGES GENERATOR\DEBUG\AGAST7_12S.OBJ
D:\과제\[2013] KIST SMARTBOOKLET\소스코드\[KIST]OPENFRAMEWORKS\OF_V0.7.4_VS2010_RELEASE\APPS\GOODFEATURE2\GOOD-FEATURE-EXPERIMENTS\TRUNK\TRANSFORMED IMAGES GENERATOR\DEBUG\AGAST7_12S_NMS.OBJ
D:\과제\[2013] KIST SMARTBOOKLET\소스코드\[KIST]OPENFRAMEWORKS\OF_V0.7.4_VS2010_RELEASE\APPS\GOODFEATURE2\GOOD-FEATURE-EXPERIMENTS\TRUNK\TRANSFORMED IMAGES GENERATOR\DEBUG\ASTDETECTOR.OBJ
D:\과제\[2013] KIST SMARTBOOKLET\소스코드\[KIST]OPENFRAMEWORKS\OF_V0.7.4_VS2010_RELEASE\APPS\GOODFEATURE2\GOOD-FEATURE-EXPERIMENTS\TRUNK\TRANSFORMED IMAGES GENERATOR\DEBUG\BRISK.OBJ
D:\과제\[2013] KIST smartbooklet\소스코드\[KIST]openframeworks\of_v0.7.4_vs2010_release\apps\GoodFeature2\Good-Feature-Experiments\trunk\Transformed Images Generator\Debug\cl.command.1.tlog
D:\과제\[2013] KIST smartbooklet\소스코드\[KIST]openframeworks\of_v0.7.4_vs2010_release\apps\GoodFeature2\Good-Feature-Experiments\trunk\Transformed Images Generator\Debug\CL.read.1.tlog
D:\과제\[2013] KIST smartbooklet\소스코드\[KIST]openframeworks\of_v0.7.4_vs2010_release\apps\GoodFeature2\Good-Feature-Experiments\trunk\Transformed Images Generator\Debug\CL.write.1.tlog
D:\과제\[2013] KIST smartbooklet\소스코드\[KIST]openframeworks\of_v0.7.4_vs2010_release\apps\GoodFeature2\Good-Feature-Experiments\trunk\Transformed Images Generator\Debug\link.command.1.tlog
D:\과제\[2013] KIST smartbooklet\소스코드\[KIST]openframeworks\of_v0.7.4_vs2010_release\apps\GoodFeature2\Good-Feature-Experiments\trunk\Transformed Images Generator\Debug\link.read.1.tlog
D:\과제\[2013] KIST smartbooklet\소스코드\[KIST]openframeworks\of_v0.7.4_vs2010_release\apps\GoodFeature2\Good-Feature-Experiments\trunk\Transformed Images Generator\Debug\link.write.1.tlog
D:\과제\[2013] KIST SMARTBOOKLET\소스코드\[KIST]OPENFRAMEWORKS\OF_V0.7.4_VS2010_RELEASE\APPS\GOODFEATURE2\GOOD-FEATURE-EXPERIMENTS\TRUNK\TRANSFORMED IMAGES GENERATOR\DEBUG\MAIN.OBJ
D:\과제\[2013] KIST smartbooklet\소스코드\[KIST]openframeworks\of_v0.7.4_vs2010_release\apps\GoodFeature2\Good-Feature-Experiments\trunk\Transformed Images Generator\Debug\mt.command.1.tlog
D:\과제\[2013] KIST smartbooklet\소스코드\[KIST]openframeworks\of_v0.7.4_vs2010_release\apps\GoodFeature2\Good-Feature-Experiments\trunk\Transformed Images Generator\Debug\mt.read.1.tlog
D:\과제\[2013] KIST smartbooklet\소스코드\[KIST]openframeworks\of_v0.7.4_vs2010_release\apps\GoodFeature2\Good-Feature-Experiments\trunk\Transformed Images Generator\Debug\mt.write.1.tlog
D:\과제\[2013] KIST SMARTBOOKLET\소스코드\[KIST]OPENFRAMEWORKS\OF_V0.7.4_VS2010_RELEASE\APPS\GOODFEATURE2\GOOD-FEATURE-EXPERIMENTS\TRUNK\TRANSFORMED IMAGES GENERATOR\DEBUG\NONMAXIMUMSUPPRESSION.OBJ
D:\과제\[2013] KIST SMARTBOOKLET\소스코드\[KIST]OPENFRAMEWORKS\OF_V0.7.4_VS2010_RELEASE\APPS\GOODFEATURE2\GOOD-FEATURE-EXPERIMENTS\TRUNK\TRANSFORMED IMAGES GENERATOR\DEBUG\OAST9_16.OBJ
D:\과제\[2013] KIST SMARTBOOKLET\소스코드\[KIST]OPENFRAMEWORKS\OF_V0.7.4_VS2010_RELEASE\APPS\GOODFEATURE2\GOOD-FEATURE-EXPERIMENTS\TRUNK\TRANSFORMED IMAGES GENERATOR\DEBUG\OAST9_16_NMS.OBJ
D:\과제\[2013] KIST SMARTBOOKLET\소스코드\[KIST]OPENFRAMEWORKS\OF_V0.7.4_VS2010_RELEASE\APPS\GOODFEATURE2\GOOD-FEATURE-EXPERIMENTS\TRUNK\TRANSFORMED IMAGES GENERATOR\DEBUG\TRANSFORMED IMAGES GENERATOR.EXE.INTERMEDIATE.MANIFEST
D:\과제\[2013] KIST smartbooklet\소스코드\[KIST]openframeworks\of_v0.7.4_vs2010_release\apps\GoodFeature2\Good-Feature-Experiments\trunk\Transformed Images Generator\Debug\Transformed Images Generator.write.1.tlog
D:\과제\[2013] KIST smartbooklet\소스코드\[KIST]openframeworks\of_v0.7.4_vs2010_release\apps\GoodFeature2\Good-Feature-Experiments\trunk\Transformed Images Generator\Debug\vc100.idb
D:\과제\[2013] KIST SMARTBOOKLET\소스코드\[KIST]OPENFRAMEWORKS\OF_V0.7.4_VS2010_RELEASE\APPS\GOODFEATURE2\GOOD-FEATURE-EXPERIMENTS\TRUNK\TRANSFORMED IMAGES GENERATOR\DEBUG\VC100.PDB
