빌드 시작: 2014-05-19 오후 2:26:12
     1>2 노드의 "D:\과제\[2013] KIST smartbooklet\소스코드\[KIST]openframeworks\of_v0.7.4_vs2010_release\apps\GoodFeature\Good-Feature-Experiments\Good Feature Experiments\Good Feature Experiments.vcxproj" 프로젝트(build 대상)입니다.
     1>InitializeBuildStatus:
         "Debug\Good Feature Experiments.unsuccessfulbuild"에 연결(touching)하고 있습니다.
       ClCompile:
         f:\Program files\Visual Studio 2010\VC\bin\CL.exe /c /IC:\OpenCV\build\include /ZI /nologo /W3 /WX- /Od /Oy- /D _MBCS /Gm /EHsc /RTC1 /MDd /GS /fp:precise /Zc:wchar_t /Zc:forScope /Fo"Debug\\" /Fd"Debug\vc100.pdb" /Gd /TP /analyze- /errorReport:prompt agast\agast5_8.cc agast\agast5_8_nms.cc agast\agast7_12d.cc agast\agast7_12d_nms.cc agast\agast7_12s.cc agast\agast7_12s_nms.cc agast\AstDetector.cc agast\nonMaximumSuppression.cc agast\oast9_16.cc agast\oast9_16_nms.cc brisk\brisk.cpp CornernessTest.cpp LoadImageData.cpp main.cpp SelfSimilarityTest.cpp Seperability.cpp
         Seperability.cpp
     1>d:\과제\[2013] kist smartbooklet\소스코드\[kist]openframeworks\of_v0.7.4_vs2010_release\apps\goodfeature\good-feature-experiments\good feature experiments\seperability.cpp(13): warning C4018: '<' : signed 또는 unsigned가 일치하지 않습니다.
     1>d:\과제\[2013] kist smartbooklet\소스코드\[kist]openframeworks\of_v0.7.4_vs2010_release\apps\goodfeature\good-feature-experiments\good feature experiments\seperability.cpp(21): warning C4018: '<' : signed 또는 unsigned가 일치하지 않습니다.
         SelfSimilarityTest.cpp
     1>d:\과제\[2013] kist smartbooklet\소스코드\[kist]openframeworks\of_v0.7.4_vs2010_release\apps\goodfeature\good-feature-experiments\good feature experiments\selfsimilaritytest.cpp(12): warning C4018: '<' : signed 또는 unsigned가 일치하지 않습니다.
         main.cpp
     1>d:\과제\[2013] kist smartbooklet\소스코드\[kist]openframeworks\of_v0.7.4_vs2010_release\apps\goodfeature\good-feature-experiments\good feature experiments\main.cpp(35): warning C4018: '<' : signed 또는 unsigned가 일치하지 않습니다.
         LoadImageData.cpp
     1>d:\과제\[2013] kist smartbooklet\소스코드\[kist]openframeworks\of_v0.7.4_vs2010_release\apps\goodfeature\good-feature-experiments\good feature experiments\loadimagedata.cpp(14): warning C4996: 'sprintf': This function or variable may be unsafe. Consider using sprintf_s instead. To disable deprecation, use _CRT_SECURE_NO_WARNINGS. See online help for details.
                 f:\program files\visual studio 2010\vc\include\stdio.h(371) : 'sprintf' 선언을 참조하십시오.
     1>d:\과제\[2013] kist smartbooklet\소스코드\[kist]openframeworks\of_v0.7.4_vs2010_release\apps\goodfeature\good-feature-experiments\good feature experiments\loadimagedata.cpp(18): warning C4996: 'sprintf': This function or variable may be unsafe. Consider using sprintf_s instead. To disable deprecation, use _CRT_SECURE_NO_WARNINGS. See online help for details.
                 f:\program files\visual studio 2010\vc\include\stdio.h(371) : 'sprintf' 선언을 참조하십시오.
     1>d:\과제\[2013] kist smartbooklet\소스코드\[kist]openframeworks\of_v0.7.4_vs2010_release\apps\goodfeature\good-feature-experiments\good feature experiments\loadimagedata.cpp(45): warning C4996: 'sprintf': This function or variable may be unsafe. Consider using sprintf_s instead. To disable deprecation, use _CRT_SECURE_NO_WARNINGS. See online help for details.
                 f:\program files\visual studio 2010\vc\include\stdio.h(371) : 'sprintf' 선언을 참조하십시오.
     1>d:\과제\[2013] kist smartbooklet\소스코드\[kist]openframeworks\of_v0.7.4_vs2010_release\apps\goodfeature\good-feature-experiments\good feature experiments\loadimagedata.cpp(49): warning C4996: 'sprintf': This function or variable may be unsafe. Consider using sprintf_s instead. To disable deprecation, use _CRT_SECURE_NO_WARNINGS. See online help for details.
                 f:\program files\visual studio 2010\vc\include\stdio.h(371) : 'sprintf' 선언을 참조하십시오.
     1>d:\과제\[2013] kist smartbooklet\소스코드\[kist]openframeworks\of_v0.7.4_vs2010_release\apps\goodfeature\good-feature-experiments\good feature experiments\loadimagedata.cpp(55): warning C4305: '+=' : 'double'에서 'float'(으)로 잘립니다.
     1>d:\과제\[2013] kist smartbooklet\소스코드\[kist]openframeworks\of_v0.7.4_vs2010_release\apps\goodfeature\good-feature-experiments\good feature experiments\loadimagedata.cpp(72): warning C4996: 'sprintf': This function or variable may be unsafe. Consider using sprintf_s instead. To disable deprecation, use _CRT_SECURE_NO_WARNINGS. See online help for details.
                 f:\program files\visual studio 2010\vc\include\stdio.h(371) : 'sprintf' 선언을 참조하십시오.
         CornernessTest.cpp
     1>d:\과제\[2013] kist smartbooklet\소스코드\[kist]openframeworks\of_v0.7.4_vs2010_release\apps\goodfeature\good-feature-experiments\good feature experiments\cornernesstest.cpp(4): warning C4244: '초기화 중' : 'float'에서 'int'(으)로 변환하면서 데이터가 손실될 수 있습니다.
     1>d:\과제\[2013] kist smartbooklet\소스코드\[kist]openframeworks\of_v0.7.4_vs2010_release\apps\goodfeature\good-feature-experiments\good feature experiments\cornernesstest.cpp(5): warning C4244: '초기화 중' : 'float'에서 'int'(으)로 변환하면서 데이터가 손실될 수 있습니다.
     1>d:\과제\[2013] kist smartbooklet\소스코드\[kist]openframeworks\of_v0.7.4_vs2010_release\apps\goodfeature\good-feature-experiments\good feature experiments\cornernesstest.cpp(18): warning C4244: '인수' : 'float'에서 'int'(으)로 변환하면서 데이터가 손실될 수 있습니다.
     1>d:\과제\[2013] kist smartbooklet\소스코드\[kist]openframeworks\of_v0.7.4_vs2010_release\apps\goodfeature\good-feature-experiments\good feature experiments\cornernesstest.cpp(18): warning C4244: '인수' : 'float'에서 'int'(으)로 변환하면서 데이터가 손실될 수 있습니다.
     1>d:\과제\[2013] kist smartbooklet\소스코드\[kist]openframeworks\of_v0.7.4_vs2010_release\apps\goodfeature\good-feature-experiments\good feature experiments\cornernesstest.cpp(23): warning C4244: '=' : 'double'에서 'int'(으)로 변환하면서 데이터가 손실될 수 있습니다.
     1>d:\과제\[2013] kist smartbooklet\소스코드\[kist]openframeworks\of_v0.7.4_vs2010_release\apps\goodfeature\good-feature-experiments\good feature experiments\cornernesstest.cpp(24): warning C4244: '=' : 'double'에서 'int'(으)로 변환하면서 데이터가 손실될 수 있습니다.
     1>d:\과제\[2013] kist smartbooklet\소스코드\[kist]openframeworks\of_v0.7.4_vs2010_release\apps\goodfeature\good-feature-experiments\good feature experiments\cornernesstest.cpp(26): warning C4018: '<' : signed 또는 unsigned가 일치하지 않습니다.
     1>d:\과제\[2013] kist smartbooklet\소스코드\[kist]openframeworks\of_v0.7.4_vs2010_release\apps\goodfeature\good-feature-experiments\good feature experiments\cornernesstest.cpp(58): warning C4244: '초기화 중' : 'float'에서 'int'(으)로 변환하면서 데이터가 손실될 수 있습니다.
     1>d:\과제\[2013] kist smartbooklet\소스코드\[kist]openframeworks\of_v0.7.4_vs2010_release\apps\goodfeature\good-feature-experiments\good feature experiments\cornernesstest.cpp(59): warning C4244: '초기화 중' : 'float'에서 'int'(으)로 변환하면서 데이터가 손실될 수 있습니다.
     1>d:\과제\[2013] kist smartbooklet\소스코드\[kist]openframeworks\of_v0.7.4_vs2010_release\apps\goodfeature\good-feature-experiments\good feature experiments\cornernesstest.cpp(64): warning C4244: '초기화 중' : 'double'에서 'float'(으)로 변환하면서 데이터가 손실될 수 있습니다.
     1>d:\과제\[2013] kist smartbooklet\소스코드\[kist]openframeworks\of_v0.7.4_vs2010_release\apps\goodfeature\good-feature-experiments\good feature experiments\cornernesstest.cpp(67): warning C4244: '=' : 'double'에서 'int'(으)로 변환하면서 데이터가 손실될 수 있습니다.
     1>d:\과제\[2013] kist smartbooklet\소스코드\[kist]openframeworks\of_v0.7.4_vs2010_release\apps\goodfeature\good-feature-experiments\good feature experiments\cornernesstest.cpp(70): warning C4018: '<' : signed 또는 unsigned가 일치하지 않습니다.
         brisk.cpp
     1>d:\과제\[2013] kist smartbooklet\소스코드\[kist]openframeworks\of_v0.7.4_vs2010_release\apps\goodfeature\good-feature-experiments\good feature experiments\brisk\brisk.cpp : warning C4819: 현재 코드 페이지(949)에서 표시할 수 없는 문자가 파일에 들어 있습니다. 데이터가 손실되지 않게 하려면 해당 파일을 유니코드 형식으로 저장하십시오.
     1>d:\과제\[2013] kist smartbooklet\소스코드\[kist]openframeworks\of_v0.7.4_vs2010_release\apps\goodfeature\good-feature-experiments\good feature experiments\brisk\brisk.cpp(70): warning C4244: '=' : 'const double'에서 'float'(으)로 변환하면서 데이터가 손실될 수 있습니다.
     1>d:\과제\[2013] kist smartbooklet\소스코드\[kist]openframeworks\of_v0.7.4_vs2010_release\apps\goodfeature\good-feature-experiments\good feature experiments\brisk\brisk.cpp(71): warning C4244: '=' : 'const double'에서 'float'(으)로 변환하면서 데이터가 손실될 수 있습니다.
     1>d:\과제\[2013] kist smartbooklet\소스코드\[kist]openframeworks\of_v0.7.4_vs2010_release\apps\goodfeature\good-feature-experiments\good feature experiments\brisk\brisk.cpp(72): warning C4244: '=' : 'const double'에서 'float'(으)로 변환하면서 데이터가 손실될 수 있습니다.
     1>d:\과제\[2013] kist smartbooklet\소스코드\[kist]openframeworks\of_v0.7.4_vs2010_release\apps\goodfeature\good-feature-experiments\good feature experiments\brisk\brisk.cpp(73): warning C4244: '=' : 'const double'에서 'float'(으)로 변환하면서 데이터가 손실될 수 있습니다.
     1>d:\과제\[2013] kist smartbooklet\소스코드\[kist]openframeworks\of_v0.7.4_vs2010_release\apps\goodfeature\good-feature-experiments\good feature experiments\brisk\brisk.cpp(74): warning C4244: '=' : 'const double'에서 'float'(으)로 변환하면서 데이터가 손실될 수 있습니다.
     1>d:\과제\[2013] kist smartbooklet\소스코드\[kist]openframeworks\of_v0.7.4_vs2010_release\apps\goodfeature\good-feature-experiments\good feature experiments\brisk\brisk.cpp(84): warning C4244: '인수' : 'double'에서 'float'(으)로 변환하면서 데이터가 손실될 수 있습니다.
     1>d:\과제\[2013] kist smartbooklet\소스코드\[kist]openframeworks\of_v0.7.4_vs2010_release\apps\goodfeature\good-feature-experiments\good feature experiments\brisk\brisk.cpp(84): warning C4244: '인수' : 'double'에서 'float'(으)로 변환하면서 데이터가 손실될 수 있습니다.
     1>d:\과제\[2013] kist smartbooklet\소스코드\[kist]openframeworks\of_v0.7.4_vs2010_release\apps\goodfeature\good-feature-experiments\good feature experiments\brisk\brisk.cpp(116): warning C4244: '초기화 중' : 'double'에서 'const float'(으)로 변환하면서 데이터가 손실될 수 있습니다.
     1>d:\과제\[2013] kist smartbooklet\소스코드\[kist]openframeworks\of_v0.7.4_vs2010_release\apps\goodfeature\good-feature-experiments\good feature experiments\brisk\brisk.cpp(122): warning C4305: '초기화 중' : 'double'에서 'const float'(으)로 잘립니다.
     1>d:\과제\[2013] kist smartbooklet\소스코드\[kist]openframeworks\of_v0.7.4_vs2010_release\apps\goodfeature\good-feature-experiments\good feature experiments\brisk\brisk.cpp(127): warning C4244: '=' : 'double'에서 'float'(으)로 변환하면서 데이터가 손실될 수 있습니다.
     1>d:\과제\[2013] kist smartbooklet\소스코드\[kist]openframeworks\of_v0.7.4_vs2010_release\apps\goodfeature\good-feature-experiments\good feature experiments\brisk\brisk.cpp(142): warning C4244: '=' : 'double'에서 'float'(으)로 변환하면서 데이터가 손실될 수 있습니다.
     1>d:\과제\[2013] kist smartbooklet\소스코드\[kist]openframeworks\of_v0.7.4_vs2010_release\apps\goodfeature\good-feature-experiments\good feature experiments\brisk\brisk.cpp(143): warning C4244: '=' : 'double'에서 'float'(으)로 변환하면서 데이터가 손실될 수 있습니다.
     1>d:\과제\[2013] kist smartbooklet\소스코드\[kist]openframeworks\of_v0.7.4_vs2010_release\apps\goodfeature\good-feature-experiments\good feature experiments\brisk\brisk.cpp(146): warning C4244: '=' : 'double'에서 'float'(으)로 변환하면서 데이터가 손실될 수 있습니다.
     1>d:\과제\[2013] kist smartbooklet\소스코드\[kist]openframeworks\of_v0.7.4_vs2010_release\apps\goodfeature\good-feature-experiments\good feature experiments\brisk\brisk.cpp(149): warning C4244: '=' : 'double'에서 'float'(으)로 변환하면서 데이터가 손실될 수 있습니다.
     1>d:\과제\[2013] kist smartbooklet\소스코드\[kist]openframeworks\of_v0.7.4_vs2010_release\apps\goodfeature\good-feature-experiments\good feature experiments\brisk\brisk.cpp(152): warning C4244: '초기화 중' : 'float'에서 'const unsigned int'(으)로 변환하면서 데이터가 손실될 수 있습니다.
     1>d:\과제\[2013] kist smartbooklet\소스코드\[kist]openframeworks\of_v0.7.4_vs2010_release\apps\goodfeature\good-feature-experiments\good feature experiments\brisk\brisk.cpp(228): warning C4244: '초기화 중' : 'double'에서 'const float'(으)로 변환하면서 데이터가 손실될 수 있습니다.
     1>d:\과제\[2013] kist smartbooklet\소스코드\[kist]openframeworks\of_v0.7.4_vs2010_release\apps\goodfeature\good-feature-experiments\good feature experiments\brisk\brisk.cpp(234): warning C4244: '초기화 중' : 'const float'에서 'const int'(으)로 변환하면서 데이터가 손실될 수 있습니다.
     1>d:\과제\[2013] kist smartbooklet\소스코드\[kist]openframeworks\of_v0.7.4_vs2010_release\apps\goodfeature\good-feature-experiments\good feature experiments\brisk\brisk.cpp(235): warning C4244: '초기화 중' : 'const float'에서 'const int'(으)로 변환하면서 데이터가 손실될 수 있습니다.
     1>d:\과제\[2013] kist smartbooklet\소스코드\[kist]openframeworks\of_v0.7.4_vs2010_release\apps\goodfeature\good-feature-experiments\good feature experiments\brisk\brisk.cpp(253): warning C4244: '초기화 중' : 'double'에서 'const int'(으)로 변환하면서 데이터가 손실될 수 있습니다.
     1>d:\과제\[2013] kist smartbooklet\소스코드\[kist]openframeworks\of_v0.7.4_vs2010_release\apps\goodfeature\good-feature-experiments\good feature experiments\brisk\brisk.cpp(254): warning C4244: '초기화 중' : 'double'에서 'const int'(으)로 변환하면서 데이터가 손실될 수 있습니다.
     1>d:\과제\[2013] kist smartbooklet\소스코드\[kist]openframeworks\of_v0.7.4_vs2010_release\apps\goodfeature\good-feature-experiments\good feature experiments\brisk\brisk.cpp(271): warning C4244: '초기화 중' : 'double'에서 'const float'(으)로 변환하면서 데이터가 손실될 수 있습니다.
     1>d:\과제\[2013] kist smartbooklet\소스코드\[kist]openframeworks\of_v0.7.4_vs2010_release\apps\goodfeature\good-feature-experiments\good feature experiments\brisk\brisk.cpp(272): warning C4244: '초기화 중' : 'double'에서 'const float'(으)로 변환하면서 데이터가 손실될 수 있습니다.
     1>d:\과제\[2013] kist smartbooklet\소스코드\[kist]openframeworks\of_v0.7.4_vs2010_release\apps\goodfeature\good-feature-experiments\good feature experiments\brisk\brisk.cpp(273): warning C4244: '초기화 중' : 'double'에서 'const float'(으)로 변환하면서 데이터가 손실될 수 있습니다.
     1>d:\과제\[2013] kist smartbooklet\소스코드\[kist]openframeworks\of_v0.7.4_vs2010_release\apps\goodfeature\good-feature-experiments\good feature experiments\brisk\brisk.cpp(274): warning C4244: '초기화 중' : 'double'에서 'const float'(으)로 변환하면서 데이터가 손실될 수 있습니다.
     1>d:\과제\[2013] kist smartbooklet\소스코드\[kist]openframeworks\of_v0.7.4_vs2010_release\apps\goodfeature\good-feature-experiments\good feature experiments\brisk\brisk.cpp(277): warning C4244: '초기화 중' : 'const float'에서 'const int'(으)로 변환하면서 데이터가 손실될 수 있습니다.
     1>d:\과제\[2013] kist smartbooklet\소스코드\[kist]openframeworks\of_v0.7.4_vs2010_release\apps\goodfeature\good-feature-experiments\good feature experiments\brisk\brisk.cpp(278): warning C4244: '초기화 중' : 'const float'에서 'const int'(으)로 변환하면서 데이터가 손실될 수 있습니다.
     1>d:\과제\[2013] kist smartbooklet\소스코드\[kist]openframeworks\of_v0.7.4_vs2010_release\apps\goodfeature\good-feature-experiments\good feature experiments\brisk\brisk.cpp(279): warning C4244: '초기화 중' : 'const float'에서 'const int'(으)로 변환하면서 데이터가 손실될 수 있습니다.
     1>d:\과제\[2013] kist smartbooklet\소스코드\[kist]openframeworks\of_v0.7.4_vs2010_release\apps\goodfeature\good-feature-experiments\good feature experiments\brisk\brisk.cpp(280): warning C4244: '초기화 중' : 'const float'에서 'const int'(으)로 변환하면서 데이터가 손실될 수 있습니다.
     1>d:\과제\[2013] kist smartbooklet\소스코드\[kist]openframeworks\of_v0.7.4_vs2010_release\apps\goodfeature\good-feature-experiments\good feature experiments\brisk\brisk.cpp(281): warning C4244: '초기화 중' : 'const float'에서 'const int'(으)로 변환하면서 데이터가 손실될 수 있습니다.
     1>d:\과제\[2013] kist smartbooklet\소스코드\[kist]openframeworks\of_v0.7.4_vs2010_release\apps\goodfeature\good-feature-experiments\good feature experiments\brisk\brisk.cpp(282): warning C4244: '초기화 중' : 'const float'에서 'const int'(으)로 변환하면서 데이터가 손실될 수 있습니다.
     1>d:\과제\[2013] kist smartbooklet\소스코드\[kist]openframeworks\of_v0.7.4_vs2010_release\apps\goodfeature\good-feature-experiments\good feature experiments\brisk\brisk.cpp(283): warning C4244: '초기화 중' : 'const float'에서 'const int'(으)로 변환하면서 데이터가 손실될 수 있습니다.
     1>d:\과제\[2013] kist smartbooklet\소스코드\[kist]openframeworks\of_v0.7.4_vs2010_release\apps\goodfeature\good-feature-experiments\good feature experiments\brisk\brisk.cpp(284): warning C4244: '초기화 중' : 'const float'에서 'const int'(으)로 변환하면서 데이터가 손실될 수 있습니다.
     1>d:\과제\[2013] kist smartbooklet\소스코드\[kist]openframeworks\of_v0.7.4_vs2010_release\apps\goodfeature\good-feature-experiments\good feature experiments\brisk\brisk.cpp(387): warning C4305: '초기화 중' : 'double'에서 'const float'(으)로 잘립니다.
     1>d:\과제\[2013] kist smartbooklet\소스코드\[kist]openframeworks\of_v0.7.4_vs2010_release\apps\goodfeature\good-feature-experiments\good feature experiments\brisk\brisk.cpp(392): warning C4244: '초기화 중' : 'double'에서 'const float'(으)로 변환하면서 데이터가 손실될 수 있습니다.
     1>d:\과제\[2013] kist smartbooklet\소스코드\[kist]openframeworks\of_v0.7.4_vs2010_release\apps\goodfeature\good-feature-experiments\good feature experiments\brisk\brisk.cpp(419): warning C4244: '인수' : 'const int'에서 'const float'(으)로 변환하면서 데이터가 손실될 수 있습니다.
     1>d:\과제\[2013] kist smartbooklet\소스코드\[kist]openframeworks\of_v0.7.4_vs2010_release\apps\goodfeature\good-feature-experiments\good feature experiments\brisk\brisk.cpp(419): warning C4244: '인수' : 'const int'에서 'const float'(으)로 변환하면서 데이터가 손실될 수 있습니다.
     1>d:\과제\[2013] kist smartbooklet\소스코드\[kist]openframeworks\of_v0.7.4_vs2010_release\apps\goodfeature\good-feature-experiments\good feature experiments\brisk\brisk.cpp(419): warning C4244: '인수' : 'const int'에서 'const float'(으)로 변환하면서 데이터가 손실될 수 있습니다.
     1>d:\과제\[2013] kist smartbooklet\소스코드\[kist]openframeworks\of_v0.7.4_vs2010_release\apps\goodfeature\good-feature-experiments\good feature experiments\brisk\brisk.cpp(419): warning C4244: '인수' : 'const int'에서 'const float'(으)로 변환하면서 데이터가 손실될 수 있습니다.
     1>d:\과제\[2013] kist smartbooklet\소스코드\[kist]openframeworks\of_v0.7.4_vs2010_release\apps\goodfeature\good-feature-experiments\good feature experiments\brisk\brisk.cpp(432): warning C4244: '=' : 'unsigned int'에서 'float'(으)로 변환하면서 데이터가 손실될 수 있습니다.
     1>d:\과제\[2013] kist smartbooklet\소스코드\[kist]openframeworks\of_v0.7.4_vs2010_release\apps\goodfeature\good-feature-experiments\good feature experiments\brisk\brisk.cpp(463): warning C4244: '초기화 중' : 'float'에서 'const int'(으)로 변환하면서 데이터가 손실될 수 있습니다.
     1>d:\과제\[2013] kist smartbooklet\소스코드\[kist]openframeworks\of_v0.7.4_vs2010_release\apps\goodfeature\good-feature-experiments\good feature experiments\brisk\brisk.cpp(496): warning C4244: '=' : 'double'에서 'float'(으)로 변환하면서 데이터가 손실될 수 있습니다.
     1>d:\과제\[2013] kist smartbooklet\소스코드\[kist]openframeworks\of_v0.7.4_vs2010_release\apps\goodfeature\good-feature-experiments\good feature experiments\brisk\brisk.cpp(626): warning C4244: '=' : 'const float'에서 'uint8_t'(으)로 변환하면서 데이터가 손실될 수 있습니다.
     1>d:\과제\[2013] kist smartbooklet\소스코드\[kist]openframeworks\of_v0.7.4_vs2010_release\apps\goodfeature\good-feature-experiments\good feature experiments\brisk\brisk.cpp(791): warning C4244: '=' : 'double'에서 'float'(으)로 변환하면서 데이터가 손실될 수 있습니다.
     1>d:\과제\[2013] kist smartbooklet\소스코드\[kist]openframeworks\of_v0.7.4_vs2010_release\apps\goodfeature\good-feature-experiments\good feature experiments\brisk\brisk.cpp(793): warning C4244: '=' : 'double'에서 'float'(으)로 변환하면서 데이터가 손실될 수 있습니다.
     1>d:\과제\[2013] kist smartbooklet\소스코드\[kist]openframeworks\of_v0.7.4_vs2010_release\apps\goodfeature\good-feature-experiments\good feature experiments\brisk\brisk.cpp(796): warning C4305: '=' : 'double'에서 'float'(으)로 잘립니다.
     1>d:\과제\[2013] kist smartbooklet\소스코드\[kist]openframeworks\of_v0.7.4_vs2010_release\apps\goodfeature\good-feature-experiments\good feature experiments\brisk\brisk.cpp(797): warning C4244: '=' : 'double'에서 'float'(으)로 변환하면서 데이터가 손실될 수 있습니다.
     1>d:\과제\[2013] kist smartbooklet\소스코드\[kist]openframeworks\of_v0.7.4_vs2010_release\apps\goodfeature\good-feature-experiments\good feature experiments\brisk\brisk.cpp(798): warning C4244: '=' : 'double'에서 'int'(으)로 변환하면서 데이터가 손실될 수 있습니다.
     1>d:\과제\[2013] kist smartbooklet\소스코드\[kist]openframeworks\of_v0.7.4_vs2010_release\apps\goodfeature\good-feature-experiments\good feature experiments\brisk\brisk.cpp(799): warning C4244: '=' : 'float'에서 'int'(으)로 변환하면서 데이터가 손실될 수 있습니다.
     1>d:\과제\[2013] kist smartbooklet\소스코드\[kist]openframeworks\of_v0.7.4_vs2010_release\apps\goodfeature\good-feature-experiments\good feature experiments\brisk\brisk.cpp(803): warning C4244: '=' : 'double'에서 'float'(으)로 변환하면서 데이터가 손실될 수 있습니다.
     1>d:\과제\[2013] kist smartbooklet\소스코드\[kist]openframeworks\of_v0.7.4_vs2010_release\apps\goodfeature\good-feature-experiments\good feature experiments\brisk\brisk.cpp(805): warning C4244: '=' : 'double'에서 'float'(으)로 변환하면서 데이터가 손실될 수 있습니다.
     1>d:\과제\[2013] kist smartbooklet\소스코드\[kist]openframeworks\of_v0.7.4_vs2010_release\apps\goodfeature\good-feature-experiments\good feature experiments\brisk\brisk.cpp(809): warning C4244: '=' : 'double'에서 'float'(으)로 변환하면서 데이터가 손실될 수 있습니다.
     1>d:\과제\[2013] kist smartbooklet\소스코드\[kist]openframeworks\of_v0.7.4_vs2010_release\apps\goodfeature\good-feature-experiments\good feature experiments\brisk\brisk.cpp(810): warning C4244: '=' : 'double'에서 'int'(으)로 변환하면서 데이터가 손실될 수 있습니다.
     1>d:\과제\[2013] kist smartbooklet\소스코드\[kist]openframeworks\of_v0.7.4_vs2010_release\apps\goodfeature\good-feature-experiments\good feature experiments\brisk\brisk.cpp(811): warning C4244: '=' : 'float'에서 'int'(으)로 변환하면서 데이터가 손실될 수 있습니다.
     1>d:\과제\[2013] kist smartbooklet\소스코드\[kist]openframeworks\of_v0.7.4_vs2010_release\apps\goodfeature\good-feature-experiments\good feature experiments\brisk\brisk.cpp(826): warning C4244: '초기화 중' : 'double'에서 'const float'(으)로 변환하면서 데이터가 손실될 수 있습니다.
     1>d:\과제\[2013] kist smartbooklet\소스코드\[kist]openframeworks\of_v0.7.4_vs2010_release\apps\goodfeature\good-feature-experiments\good feature experiments\brisk\brisk.cpp(827): warning C4244: '초기화 중' : 'double'에서 'const float'(으)로 변환하면서 데이터가 손실될 수 있습니다.
     1>d:\과제\[2013] kist smartbooklet\소스코드\[kist]openframeworks\of_v0.7.4_vs2010_release\apps\goodfeature\good-feature-experiments\good feature experiments\brisk\brisk.cpp(828): warning C4244: '초기화 중' : 'double'에서 'const float'(으)로 변환하면서 데이터가 손실될 수 있습니다.
     1>d:\과제\[2013] kist smartbooklet\소스코드\[kist]openframeworks\of_v0.7.4_vs2010_release\apps\goodfeature\good-feature-experiments\good feature experiments\brisk\brisk.cpp(829): warning C4244: '초기화 중' : 'double'에서 'const float'(으)로 변환하면서 데이터가 손실될 수 있습니다.
     1>d:\과제\[2013] kist smartbooklet\소스코드\[kist]openframeworks\of_v0.7.4_vs2010_release\apps\goodfeature\good-feature-experiments\good feature experiments\brisk\brisk.cpp(832): warning C4244: '초기화 중' : 'const float'에서 'const int'(으)로 변환하면서 데이터가 손실될 수 있습니다.
     1>d:\과제\[2013] kist smartbooklet\소스코드\[kist]openframeworks\of_v0.7.4_vs2010_release\apps\goodfeature\good-feature-experiments\good feature experiments\brisk\brisk.cpp(833): warning C4244: '초기화 중' : 'const float'에서 'const int'(으)로 변환하면서 데이터가 손실될 수 있습니다.
     1>d:\과제\[2013] kist smartbooklet\소스코드\[kist]openframeworks\of_v0.7.4_vs2010_release\apps\goodfeature\good-feature-experiments\good feature experiments\brisk\brisk.cpp(834): warning C4244: '초기화 중' : 'const float'에서 'const int'(으)로 변환하면서 데이터가 손실될 수 있습니다.
     1>d:\과제\[2013] kist smartbooklet\소스코드\[kist]openframeworks\of_v0.7.4_vs2010_release\apps\goodfeature\good-feature-experiments\good feature experiments\brisk\brisk.cpp(835): warning C4244: '초기화 중' : 'const float'에서 'const int'(으)로 변환하면서 데이터가 손실될 수 있습니다.
     1>d:\과제\[2013] kist smartbooklet\소스코드\[kist]openframeworks\of_v0.7.4_vs2010_release\apps\goodfeature\good-feature-experiments\good feature experiments\brisk\brisk.cpp(836): warning C4244: '초기화 중' : 'const float'에서 'const int'(으)로 변환하면서 데이터가 손실될 수 있습니다.
     1>d:\과제\[2013] kist smartbooklet\소스코드\[kist]openframeworks\of_v0.7.4_vs2010_release\apps\goodfeature\good-feature-experiments\good feature experiments\brisk\brisk.cpp(837): warning C4244: '초기화 중' : 'const float'에서 'const int'(으)로 변환하면서 데이터가 손실될 수 있습니다.
     1>d:\과제\[2013] kist smartbooklet\소스코드\[kist]openframeworks\of_v0.7.4_vs2010_release\apps\goodfeature\good-feature-experiments\good feature experiments\brisk\brisk.cpp(838): warning C4244: '초기화 중' : 'const float'에서 'const int'(으)로 변환하면서 데이터가 손실될 수 있습니다.
     1>d:\과제\[2013] kist smartbooklet\소스코드\[kist]openframeworks\of_v0.7.4_vs2010_release\apps\goodfeature\good-feature-experiments\good feature experiments\brisk\brisk.cpp(839): warning C4244: '초기화 중' : 'const float'에서 'const int'(으)로 변환하면서 데이터가 손실될 수 있습니다.
     1>d:\과제\[2013] kist smartbooklet\소스코드\[kist]openframeworks\of_v0.7.4_vs2010_release\apps\goodfeature\good-feature-experiments\good feature experiments\brisk\brisk.cpp(1052): warning C4244: '초기화 중' : 'double'에서 'const float'(으)로 변환하면서 데이터가 손실될 수 있습니다.
     1>d:\과제\[2013] kist smartbooklet\소스코드\[kist]openframeworks\of_v0.7.4_vs2010_release\apps\goodfeature\good-feature-experiments\good feature experiments\brisk\brisk.cpp(1053): warning C4244: '초기화 중' : 'double'에서 'const float'(으)로 변환하면서 데이터가 손실될 수 있습니다.
     1>d:\과제\[2013] kist smartbooklet\소스코드\[kist]openframeworks\of_v0.7.4_vs2010_release\apps\goodfeature\good-feature-experiments\good feature experiments\brisk\brisk.cpp(1062): warning C4244: '초기화 중' : 'double'에서 'const float'(으)로 변환하면서 데이터가 손실될 수 있습니다.
     1>d:\과제\[2013] kist smartbooklet\소스코드\[kist]openframeworks\of_v0.7.4_vs2010_release\apps\goodfeature\good-feature-experiments\good feature experiments\brisk\brisk.cpp(1063): warning C4244: '초기화 중' : 'double'에서 'const float'(으)로 변환하면서 데이터가 손실될 수 있습니다.
     1>d:\과제\[2013] kist smartbooklet\소스코드\[kist]openframeworks\of_v0.7.4_vs2010_release\apps\goodfeature\good-feature-experiments\good feature experiments\brisk\brisk.cpp(1069): warning C4244: '초기화 중' : 'double'에서 'const float'(으)로 변환하면서 데이터가 손실될 수 있습니다.
     1>d:\과제\[2013] kist smartbooklet\소스코드\[kist]openframeworks\of_v0.7.4_vs2010_release\apps\goodfeature\good-feature-experiments\good feature experiments\brisk\brisk.cpp(1070): warning C4244: '초기화 중' : 'double'에서 'const float'(으)로 변환하면서 데이터가 손실될 수 있습니다.
     1>d:\과제\[2013] kist smartbooklet\소스코드\[kist]openframeworks\of_v0.7.4_vs2010_release\apps\goodfeature\good-feature-experiments\good feature experiments\brisk\brisk.cpp(1109): warning C4244: '초기화 중' : 'double'에서 'const float'(으)로 변환하면서 데이터가 손실될 수 있습니다.
     1>d:\과제\[2013] kist smartbooklet\소스코드\[kist]openframeworks\of_v0.7.4_vs2010_release\apps\goodfeature\good-feature-experiments\good feature experiments\brisk\brisk.cpp(1110): warning C4244: '초기화 중' : 'double'에서 'const float'(으)로 변환하면서 데이터가 손실될 수 있습니다.
     1>d:\과제\[2013] kist smartbooklet\소스코드\[kist]openframeworks\of_v0.7.4_vs2010_release\apps\goodfeature\good-feature-experiments\good feature experiments\brisk\brisk.cpp(1118): warning C4244: '초기화 중' : 'double'에서 'const float'(으)로 변환하면서 데이터가 손실될 수 있습니다.
     1>d:\과제\[2013] kist smartbooklet\소스코드\[kist]openframeworks\of_v0.7.4_vs2010_release\apps\goodfeature\good-feature-experiments\good feature experiments\brisk\brisk.cpp(1119): warning C4244: '초기화 중' : 'double'에서 'const float'(으)로 변환하면서 데이터가 손실될 수 있습니다.
     1>d:\과제\[2013] kist smartbooklet\소스코드\[kist]openframeworks\of_v0.7.4_vs2010_release\apps\goodfeature\good-feature-experiments\good feature experiments\brisk\brisk.cpp(1153): warning C4244: '=' : 'double'에서 'float'(으)로 변환하면서 데이터가 손실될 수 있습니다.
     1>d:\과제\[2013] kist smartbooklet\소스코드\[kist]openframeworks\of_v0.7.4_vs2010_release\apps\goodfeature\good-feature-experiments\good feature experiments\brisk\brisk.cpp(1154): warning C4244: '=' : 'double'에서 'float'(으)로 변환하면서 데이터가 손실될 수 있습니다.
     1>d:\과제\[2013] kist smartbooklet\소스코드\[kist]openframeworks\of_v0.7.4_vs2010_release\apps\goodfeature\good-feature-experiments\good feature experiments\brisk\brisk.cpp(1155): warning C4244: '=' : 'double'에서 'float'(으)로 변환하면서 데이터가 손실될 수 있습니다.
     1>d:\과제\[2013] kist smartbooklet\소스코드\[kist]openframeworks\of_v0.7.4_vs2010_release\apps\goodfeature\good-feature-experiments\good feature experiments\brisk\brisk.cpp(1156): warning C4244: '=' : 'double'에서 'float'(으)로 변환하면서 데이터가 손실될 수 있습니다.
     1>d:\과제\[2013] kist smartbooklet\소스코드\[kist]openframeworks\of_v0.7.4_vs2010_release\apps\goodfeature\good-feature-experiments\good feature experiments\brisk\brisk.cpp(1168): warning C4244: '초기화 중' : 'float'에서 'int'(으)로 변환하면서 데이터가 손실될 수 있습니다.
     1>d:\과제\[2013] kist smartbooklet\소스코드\[kist]openframeworks\of_v0.7.4_vs2010_release\apps\goodfeature\good-feature-experiments\good feature experiments\brisk\brisk.cpp(1169): warning C4244: '초기화 중' : 'float'에서 'int'(으)로 변환하면서 데이터가 손실될 수 있습니다.
     1>d:\과제\[2013] kist smartbooklet\소스코드\[kist]openframeworks\of_v0.7.4_vs2010_release\apps\goodfeature\good-feature-experiments\good feature experiments\brisk\brisk.cpp(1173): warning C4244: '초기화 중' : 'float'에서 'int'(으)로 변환하면서 데이터가 손실될 수 있습니다.
     1>d:\과제\[2013] kist smartbooklet\소스코드\[kist]openframeworks\of_v0.7.4_vs2010_release\apps\goodfeature\good-feature-experiments\good feature experiments\brisk\brisk.cpp(1189): warning C4244: '초기화 중' : 'float'에서 'int'(으)로 변환하면서 데이터가 손실될 수 있습니다.
     1>d:\과제\[2013] kist smartbooklet\소스코드\[kist]openframeworks\of_v0.7.4_vs2010_release\apps\goodfeature\good-feature-experiments\good feature experiments\brisk\brisk.cpp(1197): warning C4244: '초기화 중' : 'float'에서 'int'(으)로 변환하면서 데이터가 손실될 수 있습니다.
     1>d:\과제\[2013] kist smartbooklet\소스코드\[kist]openframeworks\of_v0.7.4_vs2010_release\apps\goodfeature\good-feature-experiments\good feature experiments\brisk\brisk.cpp(1222): warning C4244: '초기화 중' : 'float'에서 'int'(으)로 변환하면서 데이터가 손실될 수 있습니다.
     1>d:\과제\[2013] kist smartbooklet\소스코드\[kist]openframeworks\of_v0.7.4_vs2010_release\apps\goodfeature\good-feature-experiments\good feature experiments\brisk\brisk.cpp(1262): warning C4244: '=' : 'double'에서 'float'(으)로 변환하면서 데이터가 손실될 수 있습니다.
     1>d:\과제\[2013] kist smartbooklet\소스코드\[kist]openframeworks\of_v0.7.4_vs2010_release\apps\goodfeature\good-feature-experiments\good feature experiments\brisk\brisk.cpp(1263): warning C4244: '=' : 'double'에서 'float'(으)로 변환하면서 데이터가 손실될 수 있습니다.
     1>d:\과제\[2013] kist smartbooklet\소스코드\[kist]openframeworks\of_v0.7.4_vs2010_release\apps\goodfeature\good-feature-experiments\good feature experiments\brisk\brisk.cpp(1294): warning C4244: '=' : 'double'에서 'float'(으)로 변환하면서 데이터가 손실될 수 있습니다.
     1>d:\과제\[2013] kist smartbooklet\소스코드\[kist]openframeworks\of_v0.7.4_vs2010_release\apps\goodfeature\good-feature-experiments\good feature experiments\brisk\brisk.cpp(1295): warning C4244: '=' : 'double'에서 'float'(으)로 변환하면서 데이터가 손실될 수 있습니다.
     1>d:\과제\[2013] kist smartbooklet\소스코드\[kist]openframeworks\of_v0.7.4_vs2010_release\apps\goodfeature\good-feature-experiments\good feature experiments\brisk\brisk.cpp(1296): warning C4244: '=' : 'double'에서 'float'(으)로 변환하면서 데이터가 손실될 수 있습니다.
     1>d:\과제\[2013] kist smartbooklet\소스코드\[kist]openframeworks\of_v0.7.4_vs2010_release\apps\goodfeature\good-feature-experiments\good feature experiments\brisk\brisk.cpp(1297): warning C4244: '=' : 'double'에서 'float'(으)로 변환하면서 데이터가 손실될 수 있습니다.
     1>d:\과제\[2013] kist smartbooklet\소스코드\[kist]openframeworks\of_v0.7.4_vs2010_release\apps\goodfeature\good-feature-experiments\good feature experiments\brisk\brisk.cpp(1300): warning C4244: '=' : 'double'에서 'float'(으)로 변환하면서 데이터가 손실될 수 있습니다.
     1>d:\과제\[2013] kist smartbooklet\소스코드\[kist]openframeworks\of_v0.7.4_vs2010_release\apps\goodfeature\good-feature-experiments\good feature experiments\brisk\brisk.cpp(1301): warning C4244: '=' : 'double'에서 'float'(으)로 변환하면서 데이터가 손실될 수 있습니다.
     1>d:\과제\[2013] kist smartbooklet\소스코드\[kist]openframeworks\of_v0.7.4_vs2010_release\apps\goodfeature\good-feature-experiments\good feature experiments\brisk\brisk.cpp(1302): warning C4244: '=' : 'double'에서 'float'(으)로 변환하면서 데이터가 손실될 수 있습니다.
     1>d:\과제\[2013] kist smartbooklet\소스코드\[kist]openframeworks\of_v0.7.4_vs2010_release\apps\goodfeature\good-feature-experiments\good feature experiments\brisk\brisk.cpp(1303): warning C4244: '=' : 'double'에서 'float'(으)로 변환하면서 데이터가 손실될 수 있습니다.
     1>d:\과제\[2013] kist smartbooklet\소스코드\[kist]openframeworks\of_v0.7.4_vs2010_release\apps\goodfeature\good-feature-experiments\good feature experiments\brisk\brisk.cpp(1311): warning C4244: '초기화 중' : 'float'에서 'int'(으)로 변환하면서 데이터가 손실될 수 있습니다.
     1>d:\과제\[2013] kist smartbooklet\소스코드\[kist]openframeworks\of_v0.7.4_vs2010_release\apps\goodfeature\good-feature-experiments\good feature experiments\brisk\brisk.cpp(1312): warning C4244: '초기화 중' : 'float'에서 'int'(으)로 변환하면서 데이터가 손실될 수 있습니다.
     1>d:\과제\[2013] kist smartbooklet\소스코드\[kist]openframeworks\of_v0.7.4_vs2010_release\apps\goodfeature\good-feature-experiments\good feature experiments\brisk\brisk.cpp(1316): warning C4244: '초기화 중' : 'float'에서 'int'(으)로 변환하면서 데이터가 손실될 수 있습니다.
     1>d:\과제\[2013] kist smartbooklet\소스코드\[kist]openframeworks\of_v0.7.4_vs2010_release\apps\goodfeature\good-feature-experiments\good feature experiments\brisk\brisk.cpp(1332): warning C4244: '초기화 중' : 'float'에서 'int'(으)로 변환하면서 데이터가 손실될 수 있습니다.
     1>d:\과제\[2013] kist smartbooklet\소스코드\[kist]openframeworks\of_v0.7.4_vs2010_release\apps\goodfeature\good-feature-experiments\good feature experiments\brisk\brisk.cpp(1340): warning C4244: '초기화 중' : 'float'에서 'int'(으)로 변환하면서 데이터가 손실될 수 있습니다.
     1>d:\과제\[2013] kist smartbooklet\소스코드\[kist]openframeworks\of_v0.7.4_vs2010_release\apps\goodfeature\good-feature-experiments\good feature experiments\brisk\brisk.cpp(1389): warning C4244: '초기화 중' : 'float'에서 'int'(으)로 변환하면서 데이터가 손실될 수 있습니다.
     1>d:\과제\[2013] kist smartbooklet\소스코드\[kist]openframeworks\of_v0.7.4_vs2010_release\apps\goodfeature\good-feature-experiments\good feature experiments\brisk\brisk.cpp(1425): warning C4244: '=' : 'double'에서 'float'(으)로 변환하면서 데이터가 손실될 수 있습니다.
     1>d:\과제\[2013] kist smartbooklet\소스코드\[kist]openframeworks\of_v0.7.4_vs2010_release\apps\goodfeature\good-feature-experiments\good feature experiments\brisk\brisk.cpp(1426): warning C4244: '=' : 'double'에서 'float'(으)로 변환하면서 데이터가 손실될 수 있습니다.
     1>d:\과제\[2013] kist smartbooklet\소스코드\[kist]openframeworks\of_v0.7.4_vs2010_release\apps\goodfeature\good-feature-experiments\good feature experiments\brisk\brisk.cpp(1429): warning C4244: '=' : 'double'에서 'float'(으)로 변환하면서 데이터가 손실될 수 있습니다.
     1>d:\과제\[2013] kist smartbooklet\소스코드\[kist]openframeworks\of_v0.7.4_vs2010_release\apps\goodfeature\good-feature-experiments\good feature experiments\brisk\brisk.cpp(1430): warning C4244: '=' : 'double'에서 'float'(으)로 변환하면서 데이터가 손실될 수 있습니다.
     1>d:\과제\[2013] kist smartbooklet\소스코드\[kist]openframeworks\of_v0.7.4_vs2010_release\apps\goodfeature\good-feature-experiments\good feature experiments\brisk\brisk.cpp(1505): warning C4305: 'return' : 'double'에서 'float'(으)로 잘립니다.
     1>d:\과제\[2013] kist smartbooklet\소스코드\[kist]openframeworks\of_v0.7.4_vs2010_release\apps\goodfeature\good-feature-experiments\good feature experiments\brisk\brisk.cpp(1509): warning C4305: 'return' : 'double'에서 'float'(으)로 잘립니다.
     1>d:\과제\[2013] kist smartbooklet\소스코드\[kist]openframeworks\of_v0.7.4_vs2010_release\apps\goodfeature\good-feature-experiments\good feature experiments\brisk\brisk.cpp(1517): warning C4305: '=' : 'double'에서 'float'(으)로 잘립니다.
     1>d:\과제\[2013] kist smartbooklet\소스코드\[kist]openframeworks\of_v0.7.4_vs2010_release\apps\goodfeature\good-feature-experiments\good feature experiments\brisk\brisk.cpp(1518): warning C4305: '=' : 'double'에서 'float'(으)로 잘립니다.
     1>d:\과제\[2013] kist smartbooklet\소스코드\[kist]openframeworks\of_v0.7.4_vs2010_release\apps\goodfeature\good-feature-experiments\good feature experiments\brisk\brisk.cpp(1544): warning C4305: 'return' : 'double'에서 'float'(으)로 잘립니다.
     1>d:\과제\[2013] kist smartbooklet\소스코드\[kist]openframeworks\of_v0.7.4_vs2010_release\apps\goodfeature\good-feature-experiments\good feature experiments\brisk\brisk.cpp(1556): warning C4305: '=' : 'double'에서 'float'(으)로 잘립니다.
     1>d:\과제\[2013] kist smartbooklet\소스코드\[kist]openframeworks\of_v0.7.4_vs2010_release\apps\goodfeature\good-feature-experiments\good feature experiments\brisk\brisk.cpp(1588): warning C4244: 'return' : 'double'에서 'float'(으)로 변환하면서 데이터가 손실될 수 있습니다.
     1>d:\과제\[2013] kist smartbooklet\소스코드\[kist]openframeworks\of_v0.7.4_vs2010_release\apps\goodfeature\good-feature-experiments\good feature experiments\brisk\brisk.cpp(1611): warning C4244: 'return' : 'double'에서 'float'(으)로 변환하면서 데이터가 손실될 수 있습니다.
     1>d:\과제\[2013] kist smartbooklet\소스코드\[kist]openframeworks\of_v0.7.4_vs2010_release\apps\goodfeature\good-feature-experiments\good feature experiments\brisk\brisk.cpp(1651): warning C4244: '초기화 중' : 'double'에서 'float'(으)로 변환하면서 데이터가 손실될 수 있습니다.
     1>d:\과제\[2013] kist smartbooklet\소스코드\[kist]openframeworks\of_v0.7.4_vs2010_release\apps\goodfeature\good-feature-experiments\good feature experiments\brisk\brisk.cpp(1655): warning C4244: '초기화 중' : 'double'에서 'float'(으)로 변환하면서 데이터가 손실될 수 있습니다.
     1>d:\과제\[2013] kist smartbooklet\소스코드\[kist]openframeworks\of_v0.7.4_vs2010_release\apps\goodfeature\good-feature-experiments\good feature experiments\brisk\brisk.cpp(1672): warning C4244: 'return' : 'double'에서 'float'(으)로 변환하면서 데이터가 손실될 수 있습니다.
     1>d:\과제\[2013] kist smartbooklet\소스코드\[kist]openframeworks\of_v0.7.4_vs2010_release\apps\goodfeature\good-feature-experiments\good feature experiments\brisk\brisk.cpp(1692): warning C4244: '=' : 'double'에서 'float'(으)로 변환하면서 데이터가 손실될 수 있습니다.
     1>d:\과제\[2013] kist smartbooklet\소스코드\[kist]openframeworks\of_v0.7.4_vs2010_release\apps\goodfeature\good-feature-experiments\good feature experiments\brisk\brisk.cpp(1697): warning C4244: '=' : 'double'에서 'float'(으)로 변환하면서 데이터가 손실될 수 있습니다.
     1>d:\과제\[2013] kist smartbooklet\소스코드\[kist]openframeworks\of_v0.7.4_vs2010_release\apps\goodfeature\good-feature-experiments\good feature experiments\brisk\brisk.cpp(1698): warning C4244: '=' : 'double'에서 'float'(으)로 변환하면서 데이터가 손실될 수 있습니다.
     1>d:\과제\[2013] kist smartbooklet\소스코드\[kist]openframeworks\of_v0.7.4_vs2010_release\apps\goodfeature\good-feature-experiments\good feature experiments\brisk\brisk.cpp(1753): warning C4244: 'return' : 'const float'에서 'uint8_t'(으)로 변환하면서 데이터가 손실될 수 있습니다.
     1>d:\과제\[2013] kist smartbooklet\소스코드\[kist]openframeworks\of_v0.7.4_vs2010_release\apps\goodfeature\good-feature-experiments\good feature experiments\brisk\brisk.cpp(1773): warning C4244: '초기화 중' : 'float'에서 'const int'(으)로 변환하면서 데이터가 손실될 수 있습니다.
     1>d:\과제\[2013] kist smartbooklet\소스코드\[kist]openframeworks\of_v0.7.4_vs2010_release\apps\goodfeature\good-feature-experiments\good feature experiments\brisk\brisk.cpp(1774): warning C4244: '초기화 중' : 'float'에서 'const int'(으)로 변환하면서 데이터가 손실될 수 있습니다.
     1>d:\과제\[2013] kist smartbooklet\소스코드\[kist]openframeworks\of_v0.7.4_vs2010_release\apps\goodfeature\good-feature-experiments\good feature experiments\brisk\brisk.cpp(1780): warning C4244: '초기화 중' : 'double'에서 'const float'(으)로 변환하면서 데이터가 손실될 수 있습니다.
     1>d:\과제\[2013] kist smartbooklet\소스코드\[kist]openframeworks\of_v0.7.4_vs2010_release\apps\goodfeature\good-feature-experiments\good feature experiments\brisk\brisk.cpp(1785): warning C4244: '초기화 중' : 'float'에서 'const int'(으)로 변환하면서 데이터가 손실될 수 있습니다.
     1>d:\과제\[2013] kist smartbooklet\소스코드\[kist]openframeworks\of_v0.7.4_vs2010_release\apps\goodfeature\good-feature-experiments\good feature experiments\brisk\brisk.cpp(1786): warning C4244: '초기화 중' : 'float'에서 'const int'(으)로 변환하면서 데이터가 손실될 수 있습니다.
     1>d:\과제\[2013] kist smartbooklet\소스코드\[kist]openframeworks\of_v0.7.4_vs2010_release\apps\goodfeature\good-feature-experiments\good feature experiments\brisk\brisk.cpp(1804): warning C4244: '초기화 중' : 'double'에서 'const int'(으)로 변환하면서 데이터가 손실될 수 있습니다.
     1>d:\과제\[2013] kist smartbooklet\소스코드\[kist]openframeworks\of_v0.7.4_vs2010_release\apps\goodfeature\good-feature-experiments\good feature experiments\brisk\brisk.cpp(1805): warning C4244: '초기화 중' : 'double'에서 'const int'(으)로 변환하면서 데이터가 손실될 수 있습니다.
     1>d:\과제\[2013] kist smartbooklet\소스코드\[kist]openframeworks\of_v0.7.4_vs2010_release\apps\goodfeature\good-feature-experiments\good feature experiments\brisk\brisk.cpp(1819): warning C4244: '초기화 중' : 'double'에서 'const float'(으)로 변환하면서 데이터가 손실될 수 있습니다.
     1>d:\과제\[2013] kist smartbooklet\소스코드\[kist]openframeworks\of_v0.7.4_vs2010_release\apps\goodfeature\good-feature-experiments\good feature experiments\brisk\brisk.cpp(1820): warning C4244: '초기화 중' : 'double'에서 'const float'(으)로 변환하면서 데이터가 손실될 수 있습니다.
     1>d:\과제\[2013] kist smartbooklet\소스코드\[kist]openframeworks\of_v0.7.4_vs2010_release\apps\goodfeature\good-feature-experiments\good feature experiments\brisk\brisk.cpp(1821): warning C4244: '초기화 중' : 'double'에서 'const float'(으)로 변환하면서 데이터가 손실될 수 있습니다.
     1>d:\과제\[2013] kist smartbooklet\소스코드\[kist]openframeworks\of_v0.7.4_vs2010_release\apps\goodfeature\good-feature-experiments\good feature experiments\brisk\brisk.cpp(1822): warning C4244: '초기화 중' : 'double'에서 'const float'(으)로 변환하면서 데이터가 손실될 수 있습니다.
     1>d:\과제\[2013] kist smartbooklet\소스코드\[kist]openframeworks\of_v0.7.4_vs2010_release\apps\goodfeature\good-feature-experiments\good feature experiments\brisk\brisk.cpp(1825): warning C4244: '초기화 중' : 'const float'에서 'const int'(으)로 변환하면서 데이터가 손실될 수 있습니다.
     1>d:\과제\[2013] kist smartbooklet\소스코드\[kist]openframeworks\of_v0.7.4_vs2010_release\apps\goodfeature\good-feature-experiments\good feature experiments\brisk\brisk.cpp(1826): warning C4244: '초기화 중' : 'const float'에서 'const int'(으)로 변환하면서 데이터가 손실될 수 있습니다.
     1>d:\과제\[2013] kist smartbooklet\소스코드\[kist]openframeworks\of_v0.7.4_vs2010_release\apps\goodfeature\good-feature-experiments\good feature experiments\brisk\brisk.cpp(1827): warning C4244: '초기화 중' : 'const float'에서 'const int'(으)로 변환하면서 데이터가 손실될 수 있습니다.
     1>d:\과제\[2013] kist smartbooklet\소스코드\[kist]openframeworks\of_v0.7.4_vs2010_release\apps\goodfeature\good-feature-experiments\good feature experiments\brisk\brisk.cpp(1828): warning C4244: '초기화 중' : 'const float'에서 'const int'(으)로 변환하면서 데이터가 손실될 수 있습니다.
     1>d:\과제\[2013] kist smartbooklet\소스코드\[kist]openframeworks\of_v0.7.4_vs2010_release\apps\goodfeature\good-feature-experiments\good feature experiments\brisk\brisk.cpp(1829): warning C4244: '초기화 중' : 'const float'에서 'const int'(으)로 변환하면서 데이터가 손실될 수 있습니다.
     1>d:\과제\[2013] kist smartbooklet\소스코드\[kist]openframeworks\of_v0.7.4_vs2010_release\apps\goodfeature\good-feature-experiments\good feature experiments\brisk\brisk.cpp(1830): warning C4244: '초기화 중' : 'const float'에서 'const int'(으)로 변환하면서 데이터가 손실될 수 있습니다.
     1>d:\과제\[2013] kist smartbooklet\소스코드\[kist]openframeworks\of_v0.7.4_vs2010_release\apps\goodfeature\good-feature-experiments\good feature experiments\brisk\brisk.cpp(1831): warning C4244: '초기화 중' : 'const float'에서 'const int'(으)로 변환하면서 데이터가 손실될 수 있습니다.
     1>d:\과제\[2013] kist smartbooklet\소스코드\[kist]openframeworks\of_v0.7.4_vs2010_release\apps\goodfeature\good-feature-experiments\good feature experiments\brisk\brisk.cpp(1832): warning C4244: '초기화 중' : 'const float'에서 'const int'(으)로 변환하면서 데이터가 손실될 수 있습니다.
     1>d:\과제\[2013] kist smartbooklet\소스코드\[kist]openframeworks\of_v0.7.4_vs2010_release\apps\goodfeature\good-feature-experiments\good feature experiments\brisk\brisk.cpp(2011): warning C4309: '인수' : 상수 값이 잘립니다.
     1>d:\과제\[2013] kist smartbooklet\소스코드\[kist]openframeworks\of_v0.7.4_vs2010_release\apps\goodfeature\good-feature-experiments\good feature experiments\brisk\brisk.cpp(2011): warning C4309: '인수' : 상수 값이 잘립니다.
     1>d:\과제\[2013] kist smartbooklet\소스코드\[kist]openframeworks\of_v0.7.4_vs2010_release\apps\goodfeature\good-feature-experiments\good feature experiments\brisk\brisk.cpp(2011): warning C4309: '인수' : 상수 값이 잘립니다.
     1>d:\과제\[2013] kist smartbooklet\소스코드\[kist]openframeworks\of_v0.7.4_vs2010_release\apps\goodfeature\good-feature-experiments\good feature experiments\brisk\brisk.cpp(2011): warning C4309: '인수' : 상수 값이 잘립니다.
     1>d:\과제\[2013] kist smartbooklet\소스코드\[kist]openframeworks\of_v0.7.4_vs2010_release\apps\goodfeature\good-feature-experiments\good feature experiments\brisk\brisk.cpp(2011): warning C4309: '인수' : 상수 값이 잘립니다.
     1>d:\과제\[2013] kist smartbooklet\소스코드\[kist]openframeworks\of_v0.7.4_vs2010_release\apps\goodfeature\good-feature-experiments\good feature experiments\brisk\brisk.cpp(2011): warning C4309: '인수' : 상수 값이 잘립니다.
     1>d:\과제\[2013] kist smartbooklet\소스코드\[kist]openframeworks\of_v0.7.4_vs2010_release\apps\goodfeature\good-feature-experiments\good feature experiments\brisk\brisk.cpp(2011): warning C4309: '인수' : 상수 값이 잘립니다.
     1>d:\과제\[2013] kist smartbooklet\소스코드\[kist]openframeworks\of_v0.7.4_vs2010_release\apps\goodfeature\good-feature-experiments\good feature experiments\brisk\brisk.cpp(2011): warning C4309: '인수' : 상수 값이 잘립니다.
     1>d:\과제\[2013] kist smartbooklet\소스코드\[kist]openframeworks\of_v0.7.4_vs2010_release\apps\goodfeature\good-feature-experiments\good feature experiments\brisk\brisk.cpp(2011): warning C4309: '인수' : 상수 값이 잘립니다.
     1>d:\과제\[2013] kist smartbooklet\소스코드\[kist]openframeworks\of_v0.7.4_vs2010_release\apps\goodfeature\good-feature-experiments\good feature experiments\brisk\brisk.cpp(2011): warning C4309: '인수' : 상수 값이 잘립니다.
     1>d:\과제\[2013] kist smartbooklet\소스코드\[kist]openframeworks\of_v0.7.4_vs2010_release\apps\goodfeature\good-feature-experiments\good feature experiments\brisk\brisk.cpp(2011): warning C4309: '인수' : 상수 값이 잘립니다.
     1>d:\과제\[2013] kist smartbooklet\소스코드\[kist]openframeworks\of_v0.7.4_vs2010_release\apps\goodfeature\good-feature-experiments\good feature experiments\brisk\brisk.cpp(2012): warning C4309: '인수' : 상수 값이 잘립니다.
     1>d:\과제\[2013] kist smartbooklet\소스코드\[kist]openframeworks\of_v0.7.4_vs2010_release\apps\goodfeature\good-feature-experiments\good feature experiments\brisk\brisk.cpp(2012): warning C4309: '인수' : 상수 값이 잘립니다.
     1>d:\과제\[2013] kist smartbooklet\소스코드\[kist]openframeworks\of_v0.7.4_vs2010_release\apps\goodfeature\good-feature-experiments\good feature experiments\brisk\brisk.cpp(2012): warning C4309: '인수' : 상수 값이 잘립니다.
     1>d:\과제\[2013] kist smartbooklet\소스코드\[kist]openframeworks\of_v0.7.4_vs2010_release\apps\goodfeature\good-feature-experiments\good feature experiments\brisk\brisk.cpp(2012): warning C4309: '인수' : 상수 값이 잘립니다.
     1>d:\과제\[2013] kist smartbooklet\소스코드\[kist]openframeworks\of_v0.7.4_vs2010_release\apps\goodfeature\good-feature-experiments\good feature experiments\brisk\brisk.cpp(2012): warning C4309: '인수' : 상수 값이 잘립니다.
     1>d:\과제\[2013] kist smartbooklet\소스코드\[kist]openframeworks\of_v0.7.4_vs2010_release\apps\goodfeature\good-feature-experiments\good feature experiments\brisk\brisk.cpp(2012): warning C4309: '인수' : 상수 값이 잘립니다.
     1>d:\과제\[2013] kist smartbooklet\소스코드\[kist]openframeworks\of_v0.7.4_vs2010_release\apps\goodfeature\good-feature-experiments\good feature experiments\brisk\brisk.cpp(2012): warning C4309: '인수' : 상수 값이 잘립니다.
     1>d:\과제\[2013] kist smartbooklet\소스코드\[kist]openframeworks\of_v0.7.4_vs2010_release\apps\goodfeature\good-feature-experiments\good feature experiments\brisk\brisk.cpp(2012): warning C4309: '인수' : 상수 값이 잘립니다.
     1>d:\과제\[2013] kist smartbooklet\소스코드\[kist]openframeworks\of_v0.7.4_vs2010_release\apps\goodfeature\good-feature-experiments\good feature experiments\brisk\brisk.cpp(2012): warning C4309: '인수' : 상수 값이 잘립니다.
     1>d:\과제\[2013] kist smartbooklet\소스코드\[kist]openframeworks\of_v0.7.4_vs2010_release\apps\goodfeature\good-feature-experiments\good feature experiments\brisk\brisk.cpp(2012): warning C4309: '인수' : 상수 값이 잘립니다.
     1>d:\과제\[2013] kist smartbooklet\소스코드\[kist]openframeworks\of_v0.7.4_vs2010_release\apps\goodfeature\good-feature-experiments\good feature experiments\brisk\brisk.cpp(2012): warning C4309: '인수' : 상수 값이 잘립니다.
     1>d:\과제\[2013] kist smartbooklet\소스코드\[kist]openframeworks\of_v0.7.4_vs2010_release\apps\goodfeature\good-feature-experiments\good feature experiments\brisk\brisk.cpp(2013): warning C4309: '인수' : 상수 값이 잘립니다.
     1>d:\과제\[2013] kist smartbooklet\소스코드\[kist]openframeworks\of_v0.7.4_vs2010_release\apps\goodfeature\good-feature-experiments\good feature experiments\brisk\brisk.cpp(2013): warning C4309: '인수' : 상수 값이 잘립니다.
     1>d:\과제\[2013] kist smartbooklet\소스코드\[kist]openframeworks\of_v0.7.4_vs2010_release\apps\goodfeature\good-feature-experiments\good feature experiments\brisk\brisk.cpp(2013): warning C4309: '인수' : 상수 값이 잘립니다.
     1>d:\과제\[2013] kist smartbooklet\소스코드\[kist]openframeworks\of_v0.7.4_vs2010_release\apps\goodfeature\good-feature-experiments\good feature experiments\brisk\brisk.cpp(2013): warning C4309: '인수' : 상수 값이 잘립니다.
     1>d:\과제\[2013] kist smartbooklet\소스코드\[kist]openframeworks\of_v0.7.4_vs2010_release\apps\goodfeature\good-feature-experiments\good feature experiments\brisk\brisk.cpp(2013): warning C4309: '인수' : 상수 값이 잘립니다.
     1>d:\과제\[2013] kist smartbooklet\소스코드\[kist]openframeworks\of_v0.7.4_vs2010_release\apps\goodfeature\good-feature-experiments\good feature experiments\brisk\brisk.cpp(2013): warning C4309: '인수' : 상수 값이 잘립니다.
     1>d:\과제\[2013] kist smartbooklet\소스코드\[kist]openframeworks\of_v0.7.4_vs2010_release\apps\goodfeature\good-feature-experiments\good feature experiments\brisk\brisk.cpp(2014): warning C4309: '인수' : 상수 값이 잘립니다.
     1>d:\과제\[2013] kist smartbooklet\소스코드\[kist]openframeworks\of_v0.7.4_vs2010_release\apps\goodfeature\good-feature-experiments\good feature experiments\brisk\brisk.cpp(2014): warning C4309: '인수' : 상수 값이 잘립니다.
     1>d:\과제\[2013] kist smartbooklet\소스코드\[kist]openframeworks\of_v0.7.4_vs2010_release\apps\goodfeature\good-feature-experiments\good feature experiments\brisk\brisk.cpp(2014): warning C4309: '인수' : 상수 값이 잘립니다.
     1>d:\과제\[2013] kist smartbooklet\소스코드\[kist]openframeworks\of_v0.7.4_vs2010_release\apps\goodfeature\good-feature-experiments\good feature experiments\brisk\brisk.cpp(2014): warning C4309: '인수' : 상수 값이 잘립니다.
     1>d:\과제\[2013] kist smartbooklet\소스코드\[kist]openframeworks\of_v0.7.4_vs2010_release\apps\goodfeature\good-feature-experiments\good feature experiments\brisk\brisk.cpp(2014): warning C4309: '인수' : 상수 값이 잘립니다.
     1>d:\과제\[2013] kist smartbooklet\소스코드\[kist]openframeworks\of_v0.7.4_vs2010_release\apps\goodfeature\good-feature-experiments\good feature experiments\brisk\brisk.cpp(2014): warning C4309: '인수' : 상수 값이 잘립니다.
     1>d:\과제\[2013] kist smartbooklet\소스코드\[kist]openframeworks\of_v0.7.4_vs2010_release\apps\goodfeature\good-feature-experiments\good feature experiments\brisk\brisk.cpp(2014): warning C4309: '인수' : 상수 값이 잘립니다.
     1>d:\과제\[2013] kist smartbooklet\소스코드\[kist]openframeworks\of_v0.7.4_vs2010_release\apps\goodfeature\good-feature-experiments\good feature experiments\brisk\brisk.cpp(2014): warning C4309: '인수' : 상수 값이 잘립니다.
     1>d:\과제\[2013] kist smartbooklet\소스코드\[kist]openframeworks\of_v0.7.4_vs2010_release\apps\goodfeature\good-feature-experiments\good feature experiments\brisk\brisk.cpp(2014): warning C4309: '인수' : 상수 값이 잘립니다.
     1>d:\과제\[2013] kist smartbooklet\소스코드\[kist]openframeworks\of_v0.7.4_vs2010_release\apps\goodfeature\good-feature-experiments\good feature experiments\brisk\brisk.cpp(2014): warning C4309: '인수' : 상수 값이 잘립니다.
         oast9_16_nms.cc
         oast9_16.cc
         nonMaximumSuppression.cc
         AstDetector.cc
         agast7_12s_nms.cc
         agast7_12s.cc
         agast7_12d_nms.cc
         agast7_12d.cc
         agast5_8_nms.cc
         agast5_8.cc
         코드를 생성하고 있습니다...
       Link:
         f:\Program files\Visual Studio 2010\VC\bin\link.exe /ERRORREPORT:PROMPT /OUT:"D:\과제\[2013] KIST smartbooklet\소스코드\[KIST]openframeworks\of_v0.7.4_vs2010_release\apps\GoodFeature\Good-Feature-Experiments\Debug\Good Feature Experiments.exe" /NOLOGO /LIBPATH:C:\OpenCV\build\x86\vc10\lib kernel32.lib user32.lib gdi32.lib winspool.lib comdlg32.lib advapi32.lib shell32.lib ole32.lib oleaut32.lib uuid.lib odbc32.lib odbccp32.lib /MANIFEST /ManifestFile:"Debug\Good Feature Experiments.exe.intermediate.manifest" /MANIFESTUAC:"level='asInvoker' uiAccess='false'" /DEBUG /PDB:"D:\과제\[2013] KIST smartbooklet\소스코드\[KIST]openframeworks\of_v0.7.4_vs2010_release\apps\GoodFeature\Good-Feature-Experiments\Debug\Good Feature Experiments.pdb" /TLBID:1 /DYNAMICBASE /NXCOMPAT /IMPLIB:"D:\과제\[2013] KIST smartbooklet\소스코드\[KIST]openframeworks\of_v0.7.4_vs2010_release\apps\GoodFeature\Good-Feature-Experiments\Debug\Good Feature Experiments.lib" /MACHINE:X86 Debug\agast5_8.obj
         Debug\agast5_8_nms.obj
         Debug\agast7_12d.obj
         Debug\agast7_12d_nms.obj
         Debug\agast7_12s.obj
         Debug\agast7_12s_nms.obj
         Debug\AstDetector.obj
         Debug\nonMaximumSuppression.obj
         Debug\oast9_16.obj
         Debug\oast9_16_nms.obj
         Debug\brisk.obj
         Debug\CornernessTest.obj
         Debug\LoadImageData.obj
         Debug\main.obj
         Debug\SelfSimilarityTest.obj
         Debug\Seperability.obj
         LINK : D:\과제\[2013] KIST smartbooklet\소스코드\[KIST]openframeworks\of_v0.7.4_vs2010_release\apps\GoodFeature\Good-Feature-Experiments\Debug\Good Feature Experiments.exe을(를) 찾을 수 없거나 마지막 증분 링크에 의해 빌드되지 않았습니다. 전체 링크를 수행하고 있습니다.
         Good Feature Experiments.vcxproj -> D:\과제\[2013] KIST smartbooklet\소스코드\[KIST]openframeworks\of_v0.7.4_vs2010_release\apps\GoodFeature\Good-Feature-Experiments\Debug\Good Feature Experiments.exe
       Manifest:
         c:\Program Files (x86)\Microsoft SDKs\Windows\v7.0A\bin\mt.exe /nologo /verbose /outputresource:"D:\과제\[2013] KIST smartbooklet\소스코드\[KIST]openframeworks\of_v0.7.4_vs2010_release\apps\GoodFeature\Good-Feature-Experiments\Debug\Good Feature Experiments.exe;#1" /manifest "Debug\Good Feature Experiments.exe.intermediate.manifest"
       FinalizeBuildStatus:
         "Debug\Good Feature Experiments.unsuccessfulbuild" 파일을 삭제하고 있습니다.
         "Debug\Good Feature Experiments.lastbuildstate"에 연결(touching)하고 있습니다.
     1>"D:\과제\[2013] KIST smartbooklet\소스코드\[KIST]openframeworks\of_v0.7.4_vs2010_release\apps\GoodFeature\Good-Feature-Experiments\Good Feature Experiments\Good Feature Experiments.vcxproj" 프로젝트를 빌드했습니다(build 대상).

빌드했습니다.

경과 시간: 00:00:11.65
